<?xml version="1.0" encoding="UTF-8"?>
<!-- Generated by org.testng.reporters.JUnitReportReporter -->
<testsuite hostname="LAPTOP-1RKH011U" failures="0" tests="1" name="com.demotour.qa.testcases.HomepageTest" time="0.000" errors="0" timestamp="2022-01-28T11:55:02 IST" skipped="1">
  <testcase classname="com.demotour.qa.testcases.HomepageTest" name="checkValues" time="0.000">
    <skipped/>
  </testcase> <!-- checkValues -->
  <system-out/>
</testsuite> <!-- com.demotour.qa.testcases.HomepageTest -->
