<?xml version="1.0" encoding="UTF-8"?>
<!-- Generated by org.testng.reporters.JUnitReportReporter -->
<testsuite hostname="LAPTOP-1RKH011U" failures="0" tests="1" name="com.demotour.qa.testcases.DragPageTest" time="13.361" errors="0" timestamp="2022-02-01T16:17:07 IST" skipped="0">
  <testcase classname="com.demotour.qa.testcases.DragPageTest" name="ddFunctioanlity" time="13.361"/>
  <system-out/>
</testsuite> <!-- com.demotour.qa.testcases.DragPageTest -->
