<?xml version="1.0" encoding="UTF-8"?>
<!-- Generated by org.testng.reporters.JUnitReportReporter -->
<testsuite hostname="LAPTOP-1RKH011U" failures="0" tests="3" name="com.demotour.qa.testcases.LoginPageTest" time="20.960" errors="0" timestamp="2022-01-27T12:01:02 IST" skipped="0">
  <testcase classname="com.demotour.qa.testcases.LoginPageTest" name="loginpagetitle" time="5.385"/>
  <system-out/>
  <testcase classname="com.demotour.qa.testcases.LoginPageTest" name="loginpagelogo" time="5.689"/>
  <system-out/>
  <testcase classname="com.demotour.qa.testcases.LoginPageTest" name="loginpagetest" time="9.886"/>
  <system-out/>
</testsuite> <!-- com.demotour.qa.testcases.LoginPageTest -->
