<?xml version="1.0" encoding="UTF-8"?>
<!-- Generated by org.testng.reporters.JUnitReportReporter -->
<testsuite hostname="LAPTOP-1RKH011U" failures="0" tests="2" name="com.demotour.qa.testcases.RegisterPageTest" time="14.079" errors="0" timestamp="2022-02-01T19:21:56 IST" skipped="0">
  <testcase classname="com.demotour.qa.testcases.RegisterPageTest" name="registerpagetitle" time="7.750"/>
  <system-out/>
  <testcase classname="com.demotour.qa.testcases.RegisterPageTest" name="selection" time="6.329"/>
  <system-out/>
</testsuite> <!-- com.demotour.qa.testcases.RegisterPageTest -->
