<?xml version="1.0" encoding="UTF-8"?>
<!-- Generated by org.testng.reporters.JUnitReportReporter -->
<testsuite hostname="LAPTOP-1RKH011U" failures="0" tests="5" name="com.demotour.qa.testcases.RadioPageTest" time="49.803" errors="0" timestamp="2022-02-02T12:54:31 IST" skipped="0">
  <testcase classname="com.demotour.qa.testcases.RadioPageTest" name="selectionRadiobox" time="10.710"/>
  <system-out/>
  <testcase classname="com.demotour.qa.testcases.RadioPageTest" name="MultipleselectionCheckbox" time="9.941"/>
  <system-out/>
  <testcase classname="com.demotour.qa.testcases.RadioPageTest" name="MovetoDragDropPage" time="11.139"/>
  <system-out/>
  <testcase classname="com.demotour.qa.testcases.RadioPageTest" name="selectionCheckbox" time="9.798"/>
  <system-out/>
  <testcase classname="com.demotour.qa.testcases.RadioPageTest" name="titlepagecheck" time="8.215"/>
  <system-out/>
</testsuite> <!-- com.demotour.qa.testcases.RadioPageTest -->
