<?xml version="1.0" encoding="UTF-8"?>
<!-- Generated by org.testng.reporters.JUnitReportReporter -->
<testsuite hostname="LAPTOP-1RKH011U" failures="0" tests="4" name="com.demotour.qa.testcases.LoginPageTest" time="23.124" errors="0" timestamp="2022-02-09T13:11:59 IST" skipped="0">
  <testcase classname="com.demotour.qa.testcases.LoginPageTest" name="loginpagelogoTest" time="5.140"/>
  <system-out/>
  <testcase classname="com.demotour.qa.testcases.LoginPageTest" name="loginpagetitleTest" time="6.022"/>
  <system-out/>
  <testcase classname="com.demotour.qa.testcases.LoginPageTest" name="nologintest" time="4.393"/>
  <system-out/>
  <testcase classname="com.demotour.qa.testcases.LoginPageTest" name="loginpagetest" time="7.569"/>
  <system-out/>
</testsuite> <!-- com.demotour.qa.testcases.LoginPageTest -->
